SF:/Users/anh/Workspace/git/FriendReminders/Services/RemindersManagement/RemindersManagement.API/Infrastructure/Repositories/BaseRepository.cs
FN:9,System.Void RemindersManagement.API.Infrastructure.Repositories.BaseRepository::.ctor(RemindersManagement.API.Infrastructure.Data.RemindersDbContext)
FNDA:0,System.Void RemindersManagement.API.Infrastructure.Repositories.BaseRepository::.ctor(RemindersManagement.API.Infrastructure.Data.RemindersDbContext)
DA:10,0
DA:11,0
DA:12,0
DA:13,0
BRDA:12,11,0,0
BRDA:12,11,1,0
LF:4
LH:0
BRF:2
BRH:0
FNF:1
FNH:0
end_of_record
SF:/Users/anh/Workspace/git/FriendReminders/Services/RemindersManagement/RemindersManagement.API/Infrastructure/Repositories/ListsRepository.cs
FN:17,System.Threading.Tasks.Task`1<RemindersManagement.API.Domain.Models.List> RemindersManagement.API.Infrastructure.Repositories.ListsRepository::AddAsync(RemindersManagement.API.Domain.Models.List)
FNDA:0,System.Threading.Tasks.Task`1<RemindersManagement.API.Domain.Models.List> RemindersManagement.API.Infrastructure.Repositories.ListsRepository::AddAsync(RemindersManagement.API.Domain.Models.List)
DA:18,0
DA:19,0
FN:35,System.Void RemindersManagement.API.Infrastructure.Repositories.ListsRepository::Remove(RemindersManagement.API.Domain.Models.List)
FNDA:0,System.Void RemindersManagement.API.Infrastructure.Repositories.ListsRepository::Remove(RemindersManagement.API.Domain.Models.List)
DA:36,0
DA:37,0
DA:38,0
FN:40,System.Void RemindersManagement.API.Infrastructure.Repositories.ListsRepository::Update(RemindersManagement.API.Domain.Models.List)
FNDA:0,System.Void RemindersManagement.API.Infrastructure.Repositories.ListsRepository::Update(RemindersManagement.API.Domain.Models.List)
DA:41,0
DA:42,0
DA:43,0
FN:12,System.Void RemindersManagement.API.Infrastructure.Repositories.ListsRepository::.ctor(RemindersManagement.API.Infrastructure.Data.RemindersDbContext)
FNDA:0,System.Void RemindersManagement.API.Infrastructure.Repositories.ListsRepository::.ctor(RemindersManagement.API.Infrastructure.Data.RemindersDbContext)
DA:13,0
DA:14,0
DA:15,0
FN:22,System.Void RemindersManagement.API.Infrastructure.Repositories.ListsRepository/<FindAsync>d__2::MoveNext()
FNDA:0,System.Void RemindersManagement.API.Infrastructure.Repositories.ListsRepository/<FindAsync>d__2::MoveNext()
DA:23,0
DA:24,0
DA:25,0
DA:27,0
DA:28,0
FN:30,System.Void RemindersManagement.API.Infrastructure.Repositories.ListsRepository/<ListAsync>d__3::MoveNext()
FNDA:0,System.Void RemindersManagement.API.Infrastructure.Repositories.ListsRepository/<ListAsync>d__3::MoveNext()
DA:31,0
DA:32,0
DA:33,0
LF:19
LH:0
BRF:0
BRH:0
FNF:6
FNH:0
end_of_record
SF:/Users/anh/Workspace/git/FriendReminders/Services/RemindersManagement/RemindersManagement.API/Infrastructure/Repositories/RemindersRepository.cs
FN:37,System.Void RemindersManagement.API.Infrastructure.Repositories.RemindersRepository::Update(RemindersManagement.API.Domain.Models.Reminder)
FNDA:0,System.Void RemindersManagement.API.Infrastructure.Repositories.RemindersRepository::Update(RemindersManagement.API.Domain.Models.Reminder)
DA:38,0
DA:39,0
DA:40,0
FN:42,System.Void RemindersManagement.API.Infrastructure.Repositories.RemindersRepository::Remove(RemindersManagement.API.Domain.Models.Reminder)
FNDA:0,System.Void RemindersManagement.API.Infrastructure.Repositories.RemindersRepository::Remove(RemindersManagement.API.Domain.Models.Reminder)
DA:43,0
DA:44,0
DA:45,0
FN:12,System.Void RemindersManagement.API.Infrastructure.Repositories.RemindersRepository::.ctor(RemindersManagement.API.Infrastructure.Data.RemindersDbContext)
FNDA:0,System.Void RemindersManagement.API.Infrastructure.Repositories.RemindersRepository::.ctor(RemindersManagement.API.Infrastructure.Data.RemindersDbContext)
DA:13,0
DA:14,0
DA:15,0
FN:17,System.Void RemindersManagement.API.Infrastructure.Repositories.RemindersRepository/<ListAsync>d__1::MoveNext()
FNDA:0,System.Void RemindersManagement.API.Infrastructure.Repositories.RemindersRepository/<ListAsync>d__1::MoveNext()
DA:18,0
DA:19,0
DA:20,0
FN:23,System.Void RemindersManagement.API.Infrastructure.Repositories.RemindersRepository/<FindAsync>d__2::MoveNext()
FNDA:0,System.Void RemindersManagement.API.Infrastructure.Repositories.RemindersRepository/<FindAsync>d__2::MoveNext()
DA:24,0
DA:25,0
DA:26,0
DA:28,0
DA:29,0
FN:31,System.Void RemindersManagement.API.Infrastructure.Repositories.RemindersRepository/<AddAsync>d__3::MoveNext()
FNDA:0,System.Void RemindersManagement.API.Infrastructure.Repositories.RemindersRepository/<AddAsync>d__3::MoveNext()
DA:32,0
DA:33,0
DA:34,0
DA:35,0
BRDA:33,68,0,0
BRDA:33,68,1,0
LF:21
LH:0
BRF:2
BRH:0
FNF:6
FNH:0
end_of_record
SF:/Users/anh/Workspace/git/FriendReminders/Services/RemindersManagement/RemindersManagement.API/Infrastructure/Data/UnitOfWork.cs
FN:20,RemindersManagement.API.Domain.Interfaces.IRemindersRepository RemindersManagement.API.Infrastructure.Data.UnitOfWork::get_RemindersRepository()
FNDA:0,RemindersManagement.API.Domain.Interfaces.IRemindersRepository RemindersManagement.API.Infrastructure.Data.UnitOfWork::get_RemindersRepository()
DA:21,0
DA:22,0
DA:23,0
BRDA:22,9,0,0
BRDA:22,9,1,0
FN:28,RemindersManagement.API.Domain.Interfaces.IListsRepository RemindersManagement.API.Infrastructure.Data.UnitOfWork::get_ListsRepository()
FNDA:0,RemindersManagement.API.Domain.Interfaces.IListsRepository RemindersManagement.API.Infrastructure.Data.UnitOfWork::get_ListsRepository()
DA:29,0
DA:30,0
DA:31,0
BRDA:30,9,0,0
BRDA:30,9,1,0
FN:12,System.Void RemindersManagement.API.Infrastructure.Data.UnitOfWork::.ctor(RemindersManagement.API.Infrastructure.Data.RemindersDbContext)
FNDA:0,System.Void RemindersManagement.API.Infrastructure.Data.UnitOfWork::.ctor(RemindersManagement.API.Infrastructure.Data.RemindersDbContext)
DA:13,0
DA:14,0
DA:15,0
DA:16,0
FN:34,System.Void RemindersManagement.API.Infrastructure.Data.UnitOfWork/<CommitAsync>d__8::MoveNext()
FNDA:0,System.Void RemindersManagement.API.Infrastructure.Data.UnitOfWork/<CommitAsync>d__8::MoveNext()
DA:35,0
DA:36,0
DA:37,0
FN:39,System.Void RemindersManagement.API.Infrastructure.Data.UnitOfWork/<RollbackAsync>d__9::MoveNext()
FNDA:0,System.Void RemindersManagement.API.Infrastructure.Data.UnitOfWork/<RollbackAsync>d__9::MoveNext()
DA:40,0
DA:41,0
DA:42,0
BRDA:41,47,0,0
BRDA:41,47,1,0
LF:16
LH:0
BRF:6
BRH:0
FNF:5
FNH:0
end_of_record
SF:/Users/anh/Workspace/git/FriendReminders/Services/RemindersManagement/RemindersManagement.API/Domain/Services/RemindersService.cs
FN:24,System.Void RemindersManagement.API.Domain.Services.RemindersService::.ctor(RemindersManagement.API.Domain.Interfaces.IUnitOfWork,Microsoft.Extensions.Logging.ILogger`1<RemindersManagement.API.Domain.Services.RemindersService>)
FNDA:6,System.Void RemindersManagement.API.Domain.Services.RemindersService::.ctor(RemindersManagement.API.Domain.Interfaces.IUnitOfWork,Microsoft.Extensions.Logging.ILogger`1<RemindersManagement.API.Domain.Services.RemindersService>)
DA:25,6
DA:26,6
DA:27,6
DA:28,6
DA:29,6
FN:31,System.Void RemindersManagement.API.Domain.Services.RemindersService/<GetRemindersAsync>d__3::MoveNext()
FNDA:1,System.Void RemindersManagement.API.Domain.Services.RemindersService/<GetRemindersAsync>d__3::MoveNext()
DA:32,1
DA:33,1
DA:34,1
FN:36,System.Void RemindersManagement.API.Domain.Services.RemindersService/<GetReminderAsync>d__4::MoveNext()
FNDA:1,System.Void RemindersManagement.API.Domain.Services.RemindersService/<GetReminderAsync>d__4::MoveNext()
DA:37,1
DA:38,1
DA:39,1
FN:41,System.Void RemindersManagement.API.Domain.Services.RemindersService/<PutReminderAsync>d__5::MoveNext()
FNDA:2,System.Void RemindersManagement.API.Domain.Services.RemindersService/<PutReminderAsync>d__5::MoveNext()
DA:42,2
DA:44,2
DA:45,2
DA:46,1
DA:48,1
DA:50,1
DA:51,1
DA:52,1
DA:53,1
DA:55,1
FN:57,System.Void RemindersManagement.API.Domain.Services.RemindersService/<PutReminderAsync>d__6::MoveNext()
FNDA:2,System.Void RemindersManagement.API.Domain.Services.RemindersService/<PutReminderAsync>d__6::MoveNext()
DA:58,2
DA:59,2
DA:61,1
DA:62,0
DA:63,0
DA:66,1
DA:69,1
DA:70,1
DA:71,1
DA:73,1
DA:75,0
DA:76,0
DA:77,0
DA:78,0
DA:80,1
BRDA:61,180,0,0
BRDA:61,180,1,1
FN:82,System.Void RemindersManagement.API.Domain.Services.RemindersService/<DeleteReminder>d__7::MoveNext()
FNDA:0,System.Void RemindersManagement.API.Domain.Services.RemindersService/<DeleteReminder>d__7::MoveNext()
DA:83,0
DA:84,0
DA:86,0
DA:87,0
DA:88,0
DA:92,0
DA:93,0
DA:94,0
DA:96,0
DA:98,0
DA:99,0
DA:100,0
DA:101,0
DA:103,0
BRDA:86,180,0,0
BRDA:86,180,1,0
LF:50
LH:30
BRF:4
BRH:1
FNF:6
FNH:5
end_of_record
SF:/Users/anh/Workspace/git/FriendReminders/Services/RemindersManagement/RemindersManagement.API/Domain/Models/List.cs
FN:7,System.Guid RemindersManagement.API.Domain.Models.List::get_Id()
FNDA:4,System.Guid RemindersManagement.API.Domain.Models.List::get_Id()
DA:8,4
FN:9,System.String RemindersManagement.API.Domain.Models.List::get_Name()
FNDA:3,System.String RemindersManagement.API.Domain.Models.List::get_Name()
DA:10,3
FN:11,System.String RemindersManagement.API.Domain.Models.List::get_Icon()
FNDA:3,System.String RemindersManagement.API.Domain.Models.List::get_Icon()
DA:12,3
FN:13,System.String RemindersManagement.API.Domain.Models.List::get_HexaColor()
FNDA:3,System.String RemindersManagement.API.Domain.Models.List::get_HexaColor()
DA:14,3
FN:15,System.Collections.Generic.List`1<RemindersManagement.API.Domain.Models.Reminder> RemindersManagement.API.Domain.Models.List::get_Reminders()
FNDA:3,System.Collections.Generic.List`1<RemindersManagement.API.Domain.Models.Reminder> RemindersManagement.API.Domain.Models.List::get_Reminders()
DA:16,3
FN:18,System.Boolean RemindersManagement.API.Domain.Models.List::Equals(System.Object)
FNDA:1,System.Boolean RemindersManagement.API.Domain.Models.List::Equals(System.Object)
DA:19,1
DA:20,1
DA:22,1
DA:23,0
DA:24,0
DA:27,1
DA:28,1
DA:29,1
DA:30,1
DA:31,1
DA:32,1
BRDA:22,14,0,0
BRDA:22,14,1,1
BRDA:27,38,0,1
BRDA:27,57,0,1
BRDA:27,76,0,1
BRDA:27,95,0,1
BRDA:27,38,1,0
BRDA:27,57,1,0
BRDA:27,76,1,0
BRDA:27,95,1,0
FN:34,System.Int32 RemindersManagement.API.Domain.Models.List::GetHashCode()
FNDA:0,System.Int32 RemindersManagement.API.Domain.Models.List::GetHashCode()
DA:35,0
DA:36,0
DA:37,0
LF:19
LH:14
BRF:10
BRH:5
FNF:7
FNH:6
end_of_record
SF:/Users/anh/Workspace/git/FriendReminders/Services/RemindersManagement/RemindersManagement.API/Domain/Models/Reminder.cs
FN:19,System.Guid RemindersManagement.API.Domain.Models.Reminder::get_Id()
FNDA:34,System.Guid RemindersManagement.API.Domain.Models.Reminder::get_Id()
DA:20,34
FN:21,System.String RemindersManagement.API.Domain.Models.Reminder::get_Description()
FNDA:23,System.String RemindersManagement.API.Domain.Models.Reminder::get_Description()
DA:22,23
FN:23,RemindersManagement.API.Domain.Models.ReminderStatus RemindersManagement.API.Domain.Models.Reminder::get_Status()
FNDA:22,RemindersManagement.API.Domain.Models.ReminderStatus RemindersManagement.API.Domain.Models.Reminder::get_Status()
DA:24,22
FN:25,RemindersManagement.API.Domain.Models.Priority RemindersManagement.API.Domain.Models.Reminder::get_Priority()
FNDA:23,RemindersManagement.API.Domain.Models.Priority RemindersManagement.API.Domain.Models.Reminder::get_Priority()
DA:26,23
FN:27,System.Nullable`1<System.DateTime> RemindersManagement.API.Domain.Models.Reminder::get_RemiderTime()
FNDA:3,System.Nullable`1<System.DateTime> RemindersManagement.API.Domain.Models.Reminder::get_RemiderTime()
DA:28,3
FN:29,System.Guid RemindersManagement.API.Domain.Models.Reminder::get_ListId()
FNDA:3,System.Guid RemindersManagement.API.Domain.Models.Reminder::get_ListId()
DA:30,3
FN:30,RemindersManagement.API.Domain.Models.List RemindersManagement.API.Domain.Models.Reminder::get_List()
FNDA:3,RemindersManagement.API.Domain.Models.List RemindersManagement.API.Domain.Models.Reminder::get_List()
DA:31,3
FN:33,System.Boolean RemindersManagement.API.Domain.Models.Reminder::Equals(System.Object)
FNDA:1,System.Boolean RemindersManagement.API.Domain.Models.Reminder::Equals(System.Object)
DA:34,1
DA:35,1
DA:37,1
DA:38,0
DA:39,0
DA:42,1
DA:43,1
DA:44,1
DA:45,1
DA:46,1
DA:47,1
DA:48,1
DA:49,1
BRDA:37,14,0,0
BRDA:37,14,1,1
BRDA:42,41,0,1
BRDA:42,63,0,1
BRDA:42,80,0,1
BRDA:42,94,0,1
BRDA:42,125,0,0
BRDA:42,125,1,1
BRDA:42,137,0,0
BRDA:42,137,1,1
BRDA:42,161,0,1
BRDA:42,180,0,1
BRDA:42,41,1,0
BRDA:42,63,1,0
BRDA:42,80,1,0
BRDA:42,94,1,0
BRDA:42,161,1,0
BRDA:42,180,1,0
FN:51,System.Int32 RemindersManagement.API.Domain.Models.Reminder::GetHashCode()
FNDA:0,System.Int32 RemindersManagement.API.Domain.Models.Reminder::GetHashCode()
DA:52,0
DA:53,0
DA:54,0
LF:23
LH:18
BRF:18
BRH:9
FNF:9
FNH:8
end_of_record
SF:/Users/anh/Workspace/git/FriendReminders/Services/RemindersManagement/RemindersManagement.API/Domain/Exceptions/ReminderNotFoundException.cs
FN:5,System.Void RemindersManagement.API.Domain.Exceptions.ReminderNotFoundException::.ctor()
FNDA:1,System.Void RemindersManagement.API.Domain.Exceptions.ReminderNotFoundException::.ctor()
DA:6,1
DA:7,1
DA:8,1
FN:10,System.Void RemindersManagement.API.Domain.Exceptions.ReminderNotFoundException::.ctor(System.String)
FNDA:1,System.Void RemindersManagement.API.Domain.Exceptions.ReminderNotFoundException::.ctor(System.String)
DA:11,1
DA:12,1
DA:13,1
FN:15,System.Void RemindersManagement.API.Domain.Exceptions.ReminderNotFoundException::.ctor(System.String,System.Exception)
FNDA:0,System.Void RemindersManagement.API.Domain.Exceptions.ReminderNotFoundException::.ctor(System.String,System.Exception)
DA:16,0
DA:17,0
DA:18,0
LF:9
LH:6
BRF:0
BRH:0
FNF:3
FNH:2
end_of_record
SF:/Users/anh/Workspace/git/FriendReminders/Services/RemindersManagement/RemindersManagement.API/Controllers/HomeController.cs
FN:9,Microsoft.AspNetCore.Mvc.RedirectResult RemindersManagement.API.Controllers.HomeController::RedirectToSwaggerUI()
FNDA:1,Microsoft.AspNetCore.Mvc.RedirectResult RemindersManagement.API.Controllers.HomeController::RedirectToSwaggerUI()
DA:10,1
DA:11,1
DA:12,1
LF:3
LH:3
BRF:0
BRH:0
FNF:1
FNH:1
end_of_record
SF:/Users/anh/Workspace/git/FriendReminders/Services/RemindersManagement/RemindersManagement.API/Controllers/RemindersController.cs
FN:17,System.Void RemindersManagement.API.Controllers.RemindersController::.ctor(Microsoft.Extensions.Logging.ILogger`1<RemindersManagement.API.Controllers.RemindersController>,RemindersManagement.API.Domain.Services.IRemindersService)
FNDA:12,System.Void RemindersManagement.API.Controllers.RemindersController::.ctor(Microsoft.Extensions.Logging.ILogger`1<RemindersManagement.API.Controllers.RemindersController>,RemindersManagement.API.Domain.Services.IRemindersService)
DA:18,12
DA:19,12
DA:20,12
DA:21,12
DA:22,12
FN:26,System.Void RemindersManagement.API.Controllers.RemindersController/<GetReminders>d__3::MoveNext()
FNDA:1,System.Void RemindersManagement.API.Controllers.RemindersController/<GetReminders>d__3::MoveNext()
DA:27,1
DA:28,1
DA:29,1
DA:30,1
FN:34,System.Void RemindersManagement.API.Controllers.RemindersController/<GetReminder>d__4::MoveNext()
FNDA:2,System.Void RemindersManagement.API.Controllers.RemindersController/<GetReminder>d__4::MoveNext()
DA:35,2
DA:36,2
DA:38,2
DA:39,1
DA:40,1
DA:41,1
DA:44,1
DA:45,2
BRDA:38,164,0,1
BRDA:38,164,1,1
FN:49,System.Void RemindersManagement.API.Controllers.RemindersController/<PutReminder>d__5::MoveNext()
FNDA:4,System.Void RemindersManagement.API.Controllers.RemindersController/<PutReminder>d__5::MoveNext()
DA:50,4
DA:51,4
DA:52,1
DA:53,1
DA:57,3
DA:58,3
DA:59,1
DA:60,2
DA:61,2
DA:62,2
DA:63,2
DA:66,1
DA:67,4
BRDA:51,39,0,1
BRDA:51,39,1,3
FN:71,System.Void RemindersManagement.API.Controllers.RemindersController/<PostReminder>d__6::MoveNext()
FNDA:2,System.Void RemindersManagement.API.Controllers.RemindersController/<PostReminder>d__6::MoveNext()
DA:72,2
DA:73,2
DA:75,1
DA:76,1
FN:80,System.Void RemindersManagement.API.Controllers.RemindersController/<DeleteReminder>d__7::MoveNext()
FNDA:3,System.Void RemindersManagement.API.Controllers.RemindersController/<DeleteReminder>d__7::MoveNext()
DA:81,3
DA:82,3
DA:84,3
DA:85,1
DA:86,1
DA:87,1
DA:91,2
DA:92,2
DA:93,1
DA:94,1
DA:95,1
DA:96,1
DA:97,1
DA:100,1
DA:101,3
BRDA:84,175,0,1
BRDA:84,175,1,2
LF:49
LH:49
BRF:6
BRH:6
FNF:6
FNH:6
end_of_record